<?xml version="1.0" encoding="UTF-8"?>
<coverage generated="1702477549846" clover="3.2.0">
  <project timestamp="1702477549847" name="All files">
    <metrics statements="52" coveredstatements="52" conditionals="34" coveredconditionals="32" methods="10" coveredmethods="10" elements="96" coveredelements="94" complexity="0" loc="52" ncloc="52" packages="1" files="1" classes="1"/>
    <file name="app.js" path="C:\Users\nicolas\Documents\IPL\bac2\Q1\DevOps\project1\devops-mini-proj-tdd-greetings\src\app.js">
      <metrics statements="52" coveredstatements="52" conditionals="34" coveredconditionals="32" methods="10" coveredmethods="10"/>
      <line num="2" count="24" type="cond" truecount="2" falsecount="0"/>
      <line num="3" count="10" type="cond" truecount="2" falsecount="0"/>
      <line num="4" count="6" type="stmt"/>
      <line num="7" count="4" type="cond" truecount="2" falsecount="0"/>
      <line num="8" count="2" type="stmt"/>
      <line num="11" count="2" type="cond" truecount="1" falsecount="1"/>
      <line num="12" count="2" type="stmt"/>
      <line num="15" count="14" type="stmt"/>
      <line num="20" count="41" type="stmt"/>
      <line num="23" count="14" type="stmt"/>
      <line num="24" count="14" type="cond" truecount="2" falsecount="0"/>
      <line num="29" count="7" type="stmt"/>
      <line num="30" count="7" type="stmt"/>
      <line num="33" count="14" type="stmt"/>
      <line num="35" count="41" type="stmt"/>
      <line num="37" count="14" type="stmt"/>
      <line num="39" count="14" type="stmt"/>
      <line num="43" count="10" type="cond" truecount="3" falsecount="0"/>
      <line num="47" count="88" type="stmt"/>
      <line num="51" count="14" type="stmt"/>
      <line num="53" count="14" type="cond" truecount="2" falsecount="0"/>
      <line num="54" count="6" type="stmt"/>
      <line num="55" count="6" type="stmt"/>
      <line num="56" count="7" type="cond" truecount="2" falsecount="0"/>
      <line num="57" count="6" type="stmt"/>
      <line num="59" count="1" type="stmt"/>
      <line num="63" count="14" type="stmt"/>
      <line num="69" count="6" type="cond" truecount="2" falsecount="0"/>
      <line num="70" count="1" type="stmt"/>
      <line num="71" count="5" type="cond" truecount="2" falsecount="0"/>
      <line num="72" count="1" type="stmt"/>
      <line num="74" count="4" type="stmt"/>
      <line num="77" count="6" type="stmt"/>
      <line num="84" count="14" type="cond" truecount="1" falsecount="1"/>
      <line num="85" count="14" type="stmt"/>
      <line num="86" count="14" type="stmt"/>
      <line num="87" count="14" type="stmt"/>
      <line num="88" count="14" type="stmt"/>
      <line num="89" count="27" type="cond" truecount="4" falsecount="0"/>
      <line num="90" count="11" type="stmt"/>
      <line num="92" count="16" type="stmt"/>
      <line num="97" count="14" type="stmt"/>
      <line num="104" count="14" type="cond" truecount="2" falsecount="0"/>
      <line num="105" count="3" type="stmt"/>
      <line num="106" count="3" type="stmt"/>
      <line num="107" count="11" type="cond" truecount="2" falsecount="0"/>
      <line num="108" count="2" type="stmt"/>
      <line num="109" count="2" type="stmt"/>
      <line num="111" count="9" type="stmt"/>
      <line num="112" count="9" type="stmt"/>
      <line num="115" count="14" type="stmt"/>
      <line num="118" count="1" type="stmt"/>
    </file>
  </project>
</coverage>
