{"C:\\Users\\nicolas\\Documents\\IPL\\bac2\\Q1\\DevOps\\project1\\devops-mini-proj-tdd-greetings\\src\\app.js": {"path":"C:\\Users\\nicolas\\Documents\\IPL\\bac2\\Q1\\DevOps\\project1\\devops-mini-proj-tdd-greetings\\src\\app.js","statementMap":{"0":{"start":{"line":2,"column":4},"end":{"line":16,"column":5}},"1":{"start":{"line":3,"column":8},"end":{"line":5,"column":9}},"2":{"start":{"line":4,"column":12},"end":{"line":4,"column":39}},"3":{"start":{"line":7,"column":8},"end":{"line":9,"column":9}},"4":{"start":{"line":8,"column":12},"end":{"line":8,"column":42}},"5":{"start":{"line":11,"column":8},"end":{"line":13,"column":9}},"6":{"start":{"line":12,"column":12},"end":{"line":12,"column":42}},"7":{"start":{"line":15,"column":8},"end":{"line":15,"column":35}},"8":{"start":{"line":20,"column":23},"end":{"line":20,"column":62}},"9":{"start":{"line":20,"column":43},"end":{"line":20,"column":61}},"10":{"start":{"line":23,"column":26},"end":{"line":23,"column":59}},"11":{"start":{"line":24,"column":4},"end":{"line":31,"column":5}},"12":{"start":{"line":29,"column":8},"end":{"line":29,"column":33}},"13":{"start":{"line":30,"column":8},"end":{"line":30,"column":25}},"14":{"start":{"line":33,"column":24},"end":{"line":33,"column":64}},"15":{"start":{"line":35,"column":23},"end":{"line":35,"column":61}},"16":{"start":{"line":35,"column":43},"end":{"line":35,"column":60}},"17":{"start":{"line":37,"column":24},"end":{"line":37,"column":64}},"18":{"start":{"line":39,"column":4},"end":{"line":39,"column":37}},"19":{"start":{"line":43,"column":4},"end":{"line":43,"column":63}},"20":{"start":{"line":47,"column":4},"end":{"line":47,"column":39}},"21":{"start":{"line":51,"column":22},"end":{"line":51,"column":24}},"22":{"start":{"line":53,"column":4},"end":{"line":62,"column":5}},"23":{"start":{"line":54,"column":8},"end":{"line":54,"column":51}},"24":{"start":{"line":55,"column":8},"end":{"line":61,"column":9}},"25":{"start":{"line":55,"column":21},"end":{"line":55,"column":22}},"26":{"start":{"line":56,"column":12},"end":{"line":60,"column":13}},"27":{"start":{"line":57,"column":16},"end":{"line":57,"column":57}},"28":{"start":{"line":59,"column":16},"end":{"line":59,"column":57}},"29":{"start":{"line":63,"column":4},"end":{"line":63,"column":23}},"30":{"start":{"line":69,"column":4},"end":{"line":75,"column":5}},"31":{"start":{"line":70,"column":8},"end":{"line":70,"column":36}},"32":{"start":{"line":71,"column":11},"end":{"line":75,"column":5}},"33":{"start":{"line":72,"column":8},"end":{"line":72,"column":37}},"34":{"start":{"line":74,"column":8},"end":{"line":74,"column":35}},"35":{"start":{"line":77,"column":4},"end":{"line":77,"column":23}},"36":{"start":{"line":84,"column":4},"end":{"line":95,"column":5}},"37":{"start":{"line":85,"column":21},"end":{"line":85,"column":49}},"38":{"start":{"line":86,"column":8},"end":{"line":86,"column":41}},"39":{"start":{"line":87,"column":8},"end":{"line":87,"column":33}},"40":{"start":{"line":88,"column":8},"end":{"line":94,"column":9}},"41":{"start":{"line":88,"column":21},"end":{"line":88,"column":22}},"42":{"start":{"line":89,"column":12},"end":{"line":93,"column":13}},"43":{"start":{"line":90,"column":16},"end":{"line":90,"column":55}},"44":{"start":{"line":92,"column":16},"end":{"line":92,"column":52}},"45":{"start":{"line":97,"column":4},"end":{"line":97,"column":29}},"46":{"start":{"line":104,"column":4},"end":{"line":113,"column":5}},"47":{"start":{"line":105,"column":8},"end":{"line":105,"column":25}},"48":{"start":{"line":106,"column":8},"end":{"line":106,"column":32}},"49":{"start":{"line":107,"column":11},"end":{"line":113,"column":5}},"50":{"start":{"line":108,"column":8},"end":{"line":108,"column":25}},"51":{"start":{"line":109,"column":8},"end":{"line":109,"column":33}},"52":{"start":{"line":111,"column":8},"end":{"line":111,"column":26}},"53":{"start":{"line":112,"column":8},"end":{"line":112,"column":30}},"54":{"start":{"line":115,"column":4},"end":{"line":115,"column":36}},"55":{"start":{"line":118,"column":0},"end":{"line":118,"column":23}}},"fnMap":{"0":{"name":"greet","decl":{"start":{"line":1,"column":9},"end":{"line":1,"column":14}},"loc":{"start":{"line":1,"column":21},"end":{"line":17,"column":1}},"line":1},"1":{"name":"checkAllNames","decl":{"start":{"line":19,"column":9},"end":{"line":19,"column":22}},"loc":{"start":{"line":19,"column":30},"end":{"line":40,"column":1}},"line":19},"2":{"name":"(anonymous_2)","decl":{"start":{"line":20,"column":36},"end":{"line":20,"column":37}},"loc":{"start":{"line":20,"column":43},"end":{"line":20,"column":61}},"line":20},"3":{"name":"(anonymous_3)","decl":{"start":{"line":35,"column":36},"end":{"line":35,"column":37}},"loc":{"start":{"line":35,"column":43},"end":{"line":35,"column":60}},"line":35},"4":{"name":"checkNameNotDefined","decl":{"start":{"line":42,"column":9},"end":{"line":42,"column":28}},"loc":{"start":{"line":42,"column":35},"end":{"line":44,"column":1}},"line":42},"5":{"name":"checkUpperCase","decl":{"start":{"line":46,"column":9},"end":{"line":46,"column":23}},"loc":{"start":{"line":46,"column":30},"end":{"line":48,"column":1}},"line":46},"6":{"name":"checkAllUpperNames","decl":{"start":{"line":50,"column":9},"end":{"line":50,"column":27}},"loc":{"start":{"line":50,"column":50},"end":{"line":64,"column":1}},"line":50},"7":{"name":"checkUpperLanguage","decl":{"start":{"line":66,"column":9},"end":{"line":66,"column":27}},"loc":{"start":{"line":66,"column":38},"end":{"line":78,"column":1}},"line":66},"8":{"name":"checkAllLowerNames","decl":{"start":{"line":80,"column":9},"end":{"line":80,"column":27}},"loc":{"start":{"line":80,"column":50},"end":{"line":98,"column":1}},"line":80},"9":{"name":"checkLowerLanguage","decl":{"start":{"line":100,"column":9},"end":{"line":100,"column":27}},"loc":{"start":{"line":100,"column":38},"end":{"line":116,"column":1}},"line":100}},"branchMap":{"0":{"loc":{"start":{"line":2,"column":4},"end":{"line":16,"column":5}},"type":"if","locations":[{"start":{"line":2,"column":4},"end":{"line":16,"column":5}},{"start":{"line":14,"column":11},"end":{"line":16,"column":5}}],"line":2},"1":{"loc":{"start":{"line":3,"column":8},"end":{"line":5,"column":9}},"type":"if","locations":[{"start":{"line":3,"column":8},"end":{"line":5,"column":9}},{"start":{},"end":{}}],"line":3},"2":{"loc":{"start":{"line":7,"column":8},"end":{"line":9,"column":9}},"type":"if","locations":[{"start":{"line":7,"column":8},"end":{"line":9,"column":9}},{"start":{},"end":{}}],"line":7},"3":{"loc":{"start":{"line":11,"column":8},"end":{"line":13,"column":9}},"type":"if","locations":[{"start":{"line":11,"column":8},"end":{"line":13,"column":9}},{"start":{},"end":{}}],"line":11},"4":{"loc":{"start":{"line":24,"column":4},"end":{"line":31,"column":5}},"type":"if","locations":[{"start":{"line":24,"column":4},"end":{"line":31,"column":5}},{"start":{},"end":{}}],"line":24},"5":{"loc":{"start":{"line":25,"column":8},"end":{"line":27,"column":29}},"type":"binary-expr","locations":[{"start":{"line":25,"column":8},"end":{"line":25,"column":29}},{"start":{"line":26,"column":8},"end":{"line":26,"column":29}},{"start":{"line":27,"column":8},"end":{"line":27,"column":29}}],"line":25},"6":{"loc":{"start":{"line":43,"column":11},"end":{"line":43,"column":62}},"type":"binary-expr","locations":[{"start":{"line":43,"column":11},"end":{"line":43,"column":29}},{"start":{"line":43,"column":33},"end":{"line":43,"column":45}},{"start":{"line":43,"column":49},"end":{"line":43,"column":62}}],"line":43},"7":{"loc":{"start":{"line":53,"column":4},"end":{"line":62,"column":5}},"type":"if","locations":[{"start":{"line":53,"column":4},"end":{"line":62,"column":5}},{"start":{},"end":{}}],"line":53},"8":{"loc":{"start":{"line":56,"column":12},"end":{"line":60,"column":13}},"type":"if","locations":[{"start":{"line":56,"column":12},"end":{"line":60,"column":13}},{"start":{"line":58,"column":19},"end":{"line":60,"column":13}}],"line":56},"9":{"loc":{"start":{"line":69,"column":4},"end":{"line":75,"column":5}},"type":"if","locations":[{"start":{"line":69,"column":4},"end":{"line":75,"column":5}},{"start":{"line":71,"column":11},"end":{"line":75,"column":5}}],"line":69},"10":{"loc":{"start":{"line":71,"column":11},"end":{"line":75,"column":5}},"type":"if","locations":[{"start":{"line":71,"column":11},"end":{"line":75,"column":5}},{"start":{"line":73,"column":11},"end":{"line":75,"column":5}}],"line":71},"11":{"loc":{"start":{"line":84,"column":4},"end":{"line":95,"column":5}},"type":"if","locations":[{"start":{"line":84,"column":4},"end":{"line":95,"column":5}},{"start":{},"end":{}}],"line":84},"12":{"loc":{"start":{"line":89,"column":12},"end":{"line":93,"column":13}},"type":"if","locations":[{"start":{"line":89,"column":12},"end":{"line":93,"column":13}},{"start":{"line":91,"column":19},"end":{"line":93,"column":13}}],"line":89},"13":{"loc":{"start":{"line":89,"column":16},"end":{"line":89,"column":67}},"type":"binary-expr","locations":[{"start":{"line":89,"column":16},"end":{"line":89,"column":42}},{"start":{"line":89,"column":46},"end":{"line":89,"column":67}}],"line":89},"14":{"loc":{"start":{"line":104,"column":4},"end":{"line":113,"column":5}},"type":"if","locations":[{"start":{"line":104,"column":4},"end":{"line":113,"column":5}},{"start":{"line":107,"column":11},"end":{"line":113,"column":5}}],"line":104},"15":{"loc":{"start":{"line":107,"column":11},"end":{"line":113,"column":5}},"type":"if","locations":[{"start":{"line":107,"column":11},"end":{"line":113,"column":5}},{"start":{"line":110,"column":11},"end":{"line":113,"column":5}}],"line":107}},"s":{"0":24,"1":10,"2":6,"3":4,"4":2,"5":2,"6":2,"7":14,"8":14,"9":41,"10":14,"11":14,"12":7,"13":7,"14":14,"15":14,"16":41,"17":14,"18":14,"19":10,"20":88,"21":14,"22":14,"23":6,"24":6,"25":6,"26":7,"27":6,"28":1,"29":14,"30":6,"31":1,"32":5,"33":1,"34":4,"35":6,"36":14,"37":14,"38":14,"39":14,"40":14,"41":14,"42":27,"43":11,"44":16,"45":14,"46":14,"47":3,"48":3,"49":11,"50":2,"51":2,"52":9,"53":9,"54":14,"55":1},"f":{"0":24,"1":14,"2":41,"3":41,"4":10,"5":88,"6":14,"7":6,"8":14,"9":14},"b":{"0":[10,14],"1":[6,4],"2":[2,2],"3":[2,0],"4":[7,7],"5":[14,11,9],"6":[10,8,6],"7":[6,8],"8":[6,1],"9":[1,5],"10":[1,4],"11":[14,0],"12":[11,16],"13":[27,14],"14":[3,11],"15":[2,9]},"_coverageSchema":"1a1c01bbd47fc00a2c39e90264f33305004495a9","hash":"b7c25895d4641af540a5f23845e8cde270718d1e"}
}
