TN:
SF:src\app.js
FN:1,greet
FN:19,checkAllNames
FN:20,(anonymous_2)
FN:35,(anonymous_3)
FN:42,checkNameNotDefined
FN:46,checkUpperCase
FN:50,checkAllUpperNames
FN:66,checkUpperLanguage
FN:80,checkAllLowerNames
FN:100,checkLowerLanguage
FNF:10
FNH:10
FNDA:24,greet
FNDA:14,checkAllNames
FNDA:41,(anonymous_2)
FNDA:41,(anonymous_3)
FNDA:10,checkNameNotDefined
FNDA:88,checkUpperCase
FNDA:14,checkAllUpperNames
FNDA:6,checkUpperLanguage
FNDA:14,checkAllLowerNames
FNDA:14,checkLowerLanguage
DA:2,24
DA:3,10
DA:4,6
DA:7,4
DA:8,2
DA:11,2
DA:12,2
DA:15,14
DA:20,41
DA:23,14
DA:24,14
DA:29,7
DA:30,7
DA:33,14
DA:35,41
DA:37,14
DA:39,14
DA:43,10
DA:47,88
DA:51,14
DA:53,14
DA:54,6
DA:55,6
DA:56,7
DA:57,6
DA:59,1
DA:63,14
DA:69,6
DA:70,1
DA:71,5
DA:72,1
DA:74,4
DA:77,6
DA:84,14
DA:85,14
DA:86,14
DA:87,14
DA:88,14
DA:89,27
DA:90,11
DA:92,16
DA:97,14
DA:104,14
DA:105,3
DA:106,3
DA:107,11
DA:108,2
DA:109,2
DA:111,9
DA:112,9
DA:115,14
DA:118,1
LF:52
LH:52
BRDA:2,0,0,10
BRDA:2,0,1,14
BRDA:3,1,0,6
BRDA:3,1,1,4
BRDA:7,2,0,2
BRDA:7,2,1,2
BRDA:11,3,0,2
BRDA:11,3,1,0
BRDA:24,4,0,7
BRDA:24,4,1,7
BRDA:25,5,0,14
BRDA:25,5,1,11
BRDA:25,5,2,9
BRDA:43,6,0,10
BRDA:43,6,1,8
BRDA:43,6,2,6
BRDA:53,7,0,6
BRDA:53,7,1,8
BRDA:56,8,0,6
BRDA:56,8,1,1
BRDA:69,9,0,1
BRDA:69,9,1,5
BRDA:71,10,0,1
BRDA:71,10,1,4
BRDA:84,11,0,14
BRDA:84,11,1,0
BRDA:89,12,0,11
BRDA:89,12,1,16
BRDA:89,13,0,27
BRDA:89,13,1,14
BRDA:104,14,0,3
BRDA:104,14,1,11
BRDA:107,15,0,2
BRDA:107,15,1,9
BRF:34
BRH:32
end_of_record
